1595524013270	mozrunner::runner	INFO	Running command: "C:\\Program Files (x86)\\Mozilla Firefox\\firefox.exe" "-marionette" "-foreground" "-no-remote" "-profile" "C:\\Users\\maruti\\AppData\\Local\\Temp\\rust_mozprofile477m4j"
JavaScript error: resource://gre/modules/XULStore.jsm, line 66: Error: Can't find profile directory.
1595524022496	Marionette	INFO	Listening on port 54244
1595524025124	Marionette	WARN	TLS certificate errors will be ignored for this session
1595524025918	Marionette	ERROR	[24] No reply from Marionette:Register
1595524356141	Marionette	INFO	Stopped listening on port 54244

###!!! [Child][RunMessage] Error: Channel closing: too late to send/recv, messages will be lost


###!!! [Child][MessageChannel::SendAndWait] Error: Channel error: cannot send/recv

e://gre/modules/XULStore.jsm, line 66: Error: Can't find profile directory.

###!!! [Child][RunMessage] Error: Channel closing: too late to send/recv, messages will be lost

1595524138178	Marionette	INFO	Listening on port 54304
1595524138511	Marionette	WARN	TLS certificate errors will be ignored for this session
console.warn: LoginRecipes: "getRecipes: falling back to a synchronous message for:" "https://www.amazon.in"
console.error: "Store does not have a valid reducer. Make sure the argument passed to combineReducers is an object whose values are reducers."
JavaScript error: https://www.geeksforgeeks.org/amazon-product-price-tracker-using-python/ line 1 > scriptElement, line 1: TypeError: e is not a function
console.warn: LoginRecipes: "getRecipes: falling back to a synchronous message for:" "https://www.amazon.in"
console.error: "Store does not have a valid reducer. Make sure the argument passed to combineReducers is an object whose values are reducers."
1595524602101	Marionette	INFO	Stopped listening on port 54304

###!!! [Child][RunMessage] Error: Channel closing: too late to send/recv, messages will be lost

[Parent 10896, Gecko_IOThread] WARNING: pipe error: 232: file /builds/worker/checkouts/gecko/ipc/chromium/src/chrome/common/ipc_channel_win.cc, line 522
1595524607133	mozrunner::runner	INFO	Running command: "C:\\Program Files (x86)\\Mozilla Firefox\\firefox.exe" "-marionette" "-foreground" "-no-remote" "-profile" "C:\\Users\\maruti\\AppData\\Local\\Temp\\rust_mozprofileUcK7tC"
JavaScript error: resource://gre/modules/XULStore.jsm, line 66: Error: Can't find profile directory.
1595524614270	Marionette	INFO	Listening on port 54709
1595524614491	Marionette	WARN	TLS certificate errors will be ignored for this session
console.error: "Store does not have a valid reducer. Make sure the argument passed to combineReducers is an object whose values are reducers."

###!!! [Child][MessageChannel] Error: (msgtype=0x6A0029,name=PNecko::Msg_RemoveRequestContext) Channel closing: too late to send/recv, messages will be lost

1595524744513	Marionette	INFO	Stopped listening on port 54709

###!!! [Child][RunMessage] Error: Channel closing: too late to send/recv, messages will be lost


###!!! [Child][MessageChannel::SendAndWait] Error: Channel error: cannot send/recv

1595524755344	mozrunner::runner	INFO	Running command: "C:\\Program Files (x86)\\Mozilla Firefox\\firefox.exe" "-marionette" "-foreground" "-no-remote" "-profile" "C:\\Users\\maruti\\AppData\\Local\\Temp\\rust_mozprofileHTtsYF"
JavaScript error: resource://gre/modules/XULStore.jsm, line 66: Error: Can't find profile directory.
1595524762255	Marionette	INFO	Listening on port 54863
1595524764179	Marionette	WARN	TLS certificate errors will be ignored for this session
1595524834717	mozrunner::runner	INFO	Running command: "C:\\Program Files (x86)\\Mozilla Firefox\\firefox.exe" "-marionette" "-foreground" "-no-remote" "-profile" "C:\\Users\\maruti\\AppData\\Local\\Temp\\rust_mozprofileGxxV9K"
JavaScript error: resource://gre/modules/XULStore.jsm, line 66: Error: Can't find profile directory.
1595524844596	Marionette	INFO	Listening on port 55003
1595524847294	Marionette	WARN	TLS certificate errors will be ignored for this session
1595524901422	mozrunner::runner	INFO	Running command: "C:\\Program Files (x86)\\Mozilla Firefox\\firefox.exe" "-marionette" "-foreground" "-no-remote" "-profile" "C:\\Users\\maruti\\AppData\\Local\\Temp\\rust_mozprofileuF1Ls0"
JavaScript error: resource://gre/modules/XULStore.jsm, line 66: Error: Can't find profile directory.
1595524908398	Marionette	INFO	Listening on port 55184
1595524909521	Marionette	WARN	TLS certificate errors will be ignored for this session
console.error: "Store does not have a valid reducer. Make sure the argument passed to combineReducers is an object whose values are reducers."
1595524970577	Marionette	INFO	Stopped listening on port 55184
1595524975091	mozrunner::runner	INFO	Running command: "C:\\Program Files (x86)\\Mozilla Firefox\\firefox.exe" "-marionette" "-foreground" "-no-remote" "-profile" "C:\\Users\\maruti\\AppData\\Local\\Temp\\rust_mozprofilenAsRKp"
JavaScript error: resource://gre/modules/XULStore.jsm, line 66: Error: Can't find profile directory.
1595524984022	Marionette	INFO	Listening on port 55331
1595524984091	Marionette	WARN	TLS certificate errors will be ignored for this session

###!!! [Child][RunMessage] Error: Channel closing: too late to send/recv, messages will be lost

1595525118839	Marionette	INFO	Stopped listening on port 55331

###!!! [Child][RunMessage] Error: Channel closing: too late to send/recv, messages will be lost

[Parent 14976, Gecko_IOThread] WARNING: pipe error: 232: file /builds/worker/checkouts/gecko/ipc/chromium/src/chrome/common/ipc_channel_win.cc, line 522
1595584595769	mozrunner::runner	INFO	Running command: "C:\\Program Files (x86)\\Mozilla Firefox\\firefox.exe" "-marionette" "-foreground" "-no-remote" "-profile" "C:\\Users\\maruti\\AppData\\Local\\Temp\\rust_mozprofilejKAWS0"
JavaScript error: resource://gre/modules/XULStore.jsm, line 66: Error: Can't find profile directory.
1595584605016	Marionette	INFO	Listening on port 53252
1595584607192	Marionette	WARN	TLS certificate errors will be ignored for this session

###!!! [Child][RunMessage] Error: Channel closing: too late to send/recv, messages will be lost

1595584915955	Marionette	INFO	Stopped listening on port 53252

###!!! [Child][RunMessage] Error: Channel closing: too late to send/recv, messages will be lost

[Parent 11496, Gecko_IOThread] WARNING: pipe error: 232: file /builds/worker/checkouts/gecko/ipc/chromium/src/chrome/common/ipc_channel_win.cc, line 522

###!!! [Child][MessageChannel::SendAndWait] Error: Channel error: cannot send/recv

1595584922671	mozrunner::runner	INFO	Running command: "C:\\Program Files (x86)\\Mozilla Firefox\\firefox.exe" "-marionette" "-foreground" "-no-remote" "-profile" "C:\\Users\\maruti\\AppData\\Local\\Temp\\rust_mozprofiletFv3DL"
JavaScript error: resource://gre/modules/XULStore.jsm, line 66: Error: Can't find profile directory.
1595584929883	Marionette	INFO	Listening on port 53500
1595584930070	Marionette	WARN	TLS certificate errors will be ignored for this session

###!!! [Child][RunMessage] Error: Channel closing: too late to send/recv, messages will be lost

1595585123576	Marionette	INFO	Stopped listening on port 53500

###!!! [Child][RunMessage] Error: Channel closing: too late to send/recv, messages will be lost

1595585131883	mozrunner::runner	INFO	Running command: "C:\\Program Files (x86)\\Mozilla Firefox\\firefox.exe" "-marionette" "-foreground" "-no-remote" "-profile" "C:\\Users\\maruti\\AppData\\Local\\Temp\\rust_mozprofilen6sm4S"
JavaScript error: resource://gre/modules/XULStore.jsm, line 66: Error: Can't find profile directory.
1595585144322	Marionette	INFO	Listening on port 53767
1595585144627	Marionette	WARN	TLS certificate errors will be ignored for this session
[Child 7344, Chrome_ChildThread] WARNING: pipe error: 232: file /builds/worker/checkouts/gecko/ipc/chromium/src/chrome/common/ipc_channel_win.cc, line 522
1595585507186	Marionette	INFO	Stopped listening on port 53767

###!!! [Child][RunMessage] Error: Channel closing: too late to send/recv, messages will be lost

1595585525562	mozrunner::runner	INFO	Running command: "C:\\Program Files (x86)\\Mozilla Firefox\\firefox.exe" "-marionette" "-foreground" "-no-remote" "-profile" "C:\\Users\\maruti\\AppData\\Local\\Temp\\rust_mozprofileT5bo2r"
JavaScript error: resource://gre/modules/XULStore.jsm, line 66: Error: Can't find profile directory.
1595585532906	Marionette	INFO	Listening on port 53971
1595585532945	Marionette	WARN	TLS certificate errors will be ignored for this session
1595585879905	mozrunner::runner	INFO	Running command: "C:\\Program Files (x86)\\Mozilla Firefox\\firefox.exe" "-marionette" "-foreground" "-no-remote" "-profile" "C:\\Users\\maruti\\AppData\\Local\\Temp\\rust_mozprofile7oZTEY"
JavaScript error: resource://gre/modules/XULStore.jsm, line 66: Error: Can't find profile directory.
1595585890319	Marionette	INFO	Listening on port 54128
1595585890812	Marionette	WARN	TLS certificate errors will be ignored for this session
1595586092470	mozrunner::runner	INFO	Running command: "C:\\Program Files (x86)\\Mozilla Firefox\\firefox.exe" "-marionette" "-foreground" "-no-remote" "-profile" "C:\\Users\\maruti\\AppData\\Local\\Temp\\rust_mozprofileVNmj4B"
JavaScript error: resource://gre/modules/XULStore.jsm, line 66: Error: Can't find profile directory.
1595586122053	mozrunner::runner	INFO	Running command: "C:\\Program Files (x86)\\Mozilla Firefox\\firefox.exe" "-marionette" "-foreground" "-no-remote" "-profile" "C:\\Users\\maruti\\AppData\\Local\\Temp\\rust_mozprofile81Li68"
JavaScript error: resource://gre/modules/XULStore.jsm, line 66: Error: Can't find profile directory.
1595586129310	Marionette	INFO	Listening on port 54359
1595586130843	Marionette	WARN	TLS certificate errors will be ignored for this session
1595586193905	Marionette	INFO	Stopped listening on port 54359

###!!! [Child][RunMessage] Error: Channel closing: too late to send/recv, messages will be lost


###!!! [Child][MessageChannel::SendAndWait] Error: Channel erJavaScript error: resource://gre/modules/XULStore.jsm, line 66: Error: Can't find profile directory.
1595586202610	Marionette	INFO	Listening on port 54506
1595586204171	Marionette	WARN	TLS certificate errors will be ignored for this session
1595586354124	Marionette	INFO	Stopped listening on port 54506

###!!! [Child][RunMessage] Error: Channel closing: too late to send/recv, messages will be lost


###!!! [Child][MessageChannel::SendAndWait] Error: Channel erJavaScript error: resource://gre/modules/XULStore.jsm, line 66: Error: Can't find profile directory.
1595586363148	Marionette	INFO	Listening on port 54674
1595586363352	Marionette	WARN	TLS certificate errors will be ignored for this session
1595586585219	mozrunner::runner	INFO	Running command: "C:\\Program Files (x86)\\Mozilla Firefox\\firefox.exe" "-marionette" "-foreground" "-no-remote" "-profile" "C:\\Users\\maruti\\AppData\\Local\\Temp\\rust_mozprofileUd6B7h"
JavaScript error: resource://gre/modules/XULStore.jsm, line 66: Error: Can't find profile directory.
1595586592328	Marionette	INFO	Listening on port 54842
1595586592591	Marionette	WARN	TLS certificate errors will be ignored for this session
1595587036585	mozrunner::runner	INFO	Running command: "C:\\Program Files (x86)\\Mozilla Firefox\\firefox.exe" "-marionette" "-foreground" "-no-remote" "-profile" "C:\\Users\\maruti\\AppData\\Local\\Temp\\rust_mozprofilenPpADy"
JavaScript error: resource://gre/modules/XULStore.jsm, line 66: Error: Can't find profile directory.
1595587050049	Marionette	INFO	Listening on port 55030
1595587051755	Marionette	WARN	TLS certificate errors will be ignored for this session
1595587128419	mozrunner::runner	INFO	Running command: "C:\\Program Files (x86)\\Mozilla Firefox\\firefox.exe" "-marionette" "-foreground" "-no-remote" "-profile" "C:\\Users\\maruti\\AppData\\Local\\Temp\\rust_mozprofilesD9qEB"
JavaScript error: resource://gre/modules/XULStore.jsm, line 66: Error: Can't find profile directory.
1595587138325	Marionette	INFO	Listening on port 55159
1595587138391	Marionette	WARN	TLS certificate errors will be ignored for this session
[Child 2476, MediaDecoderStateMachine #1] WARNING: Decoder=157c395f400 state=DECODING_METADATA Decode metadata failed, shutting down decoder: file /builds/worker/checkouts/gecko/dom/media/MediaDecoderStateMachine.cpp, line 376
[Child 2476, MediaDecoderStateMachine #1] WARNING: Decoder=157c395f400 Decode error: NS_ERROR_DOM_MEDIA_METADATA_ERR (0x806e0006) - static MP4Metadata::ResultAndByteBuffer __cdecl mozilla::MP4Metadata::Metadata(mozilla::ByteStream *): Cannot parse metadata: file /builds/worker/checkouts/gecko/dom/media/MediaDecoderStateMachine.cpp, line 3470
1595590525359	mozrunner::runner	INFO	Running command: "C:\\Program Files (x86)\\Mozilla Firefox\\firefox.exe" "-marionette" "-foreground" "-no-remote" "-profile" "C:\\Users\\maruti\\AppData\\Local\\Temp\\rust_mozprofileDmV1E1"
JavaScript error: resource://gre/modules/XULStore.jsm, line 66: Error: Can't find profile directory.
1595590539791	Marionette	INFO	Listening on port 62320
1595590540289	Marionette	WARN	TLS certificate errors will be ignored for this session
console.error: "Store does not have a valid reducer. Make sure the argument passed to combineReducers is an object whose values are reducers."
SourceActor threw an exception: [Exception... "Failed to open input source 'javascript:void(false)'"  nsresult: "0x80040111 (NS_ERROR_NOT_AVAILABLE)"  location: "JS frame :: resource://devtools/shared/DevToolsUtils.js :: mainThreadFetch/< :: line 659"  data: yes]
Stack: mainThreadFetch/<@resource://devtools/shared/DevToolsUtils.js:659:15
mainThreadFetch@resource://devtools/shared/DevToolsUtils.js:509:10
_fetchURLContents@resource://devtools/server/actors/utils/TabSources.js:580:22
urlContents@resource://devtools/server/actors/utils/TabSources.js:547:17
_resurrectSource@resource://devtools/server/actors/thread.js:1998:69
addAllSources@resource://devtools/server/actors/thread.js:1382:14
onSources@resource://devtools/server/actors/thread.js:1388:10
onPacket@resource://devtools/server/devtools-server-connection.js:380:58
receiveMessage@resource://devtools/shared/transport/child-transport.js:66:16
Line: 659, column: 0
console.error: ({})
JavaScript error: resource://devtools/shared/DevToolsUtils.js, line 659: NS_ERROR_NOT_AVAILABLE: Failed to open input source 'javascript:void(false)'
JavaScript error: resource:///actors/LightweightThemeChild.jsm, line 28: TypeError: this.docShell is null
1595590674399	Marionette	INFO	Stopped listening on port 62320

###!!! [Child][RunMessage] Error: Channel closing: too late to send/recv, messages will be lost

1595591506981	mozrunner::runner	INFO	Running command: "C:\\Program Files (x86)\\Mozilla Firefox\\firefox.exe" "-marionette" "-foreground" "-no-remote" "-profile" "C:\\Users\\maruti\\AppData\\Local\\Temp\\rust_mozprofileJxoyKv"
JavaScript error: resource://gre/modules/XULStore.jsm, line 66: Error: Can't find profile directory.
1595591521232	Marionette	INFO	Listening on port 57979
1595591521560	Marionette	WARN	TLS certificate errors will be ignored for this session
console.error: "Store does not have a valid reducer. Make sure the argument passed to combineReducers is an object whose values are reducers."
SourceActor threw an exception: [Exception... "Failed to open input source 'javascript:void(false)'"  nsresult: "0x80040111 (NS_ERROR_NOT_AVAILABLE)"  location: "JS frame :: resource://devtools/shared/DevToolsUtils.js :: mainThreadFetch/< :: line 659"  data: yes]
Stack: mainThreadFetch/<@resource://devtools/shared/DevToolsUtils.js:659:15
mainThreadFetch@resource://devtools/shared/DevToolsUtils.js:509:10
_fetchURLContents@resource://devtools/server/actors/utils/TabSources.js:580:22
urlContents@resource://devtools/server/actors/utils/TabSources.js:547:17
_resurrectSource@resource://devtools/server/actors/thread.js:1998:69
addAllSources@resource://devtools/server/actors/thread.js:1382:14
onSources@resource://devtools/server/actors/thread.js:1388:10
onPacket@resource://devtools/server/devtools-server-connection.js:380:58
receiveMessage@resource://devtools/shared/transport/child-transport.js:66:16
Line: 659, column: 0
console.error: ({})
JavaScript error: resource://devtools/shared/DevToolsUtils.js, line 659: NS_ERROR_NOT_AVAILABLE: Failed to open input source 'javascript:void(false)'

###!!! [Child][MessageChannel] Error: (msgtype=0x5A000D,name=PHttpChannel::Msg_DeletingChannel) Channel closing: too late to send/recv, messages will be lost


###!!! [Child][RunMessage] Error: Channel closing: too late to send/recv, messages will be lost

1595591631886	Marionette	INFO	Stopped listening on port 57979

###!!! [Child][MessageChannel::SendAndWait] Error: Channel error: cannot send/recv

1595591682696	mozrunner::runner	INFO	Running command: "C:\\Program Files (x86)\\Mozilla Firefox\\firefox.exe" "-marionette" "-foreground" "-no-remote" "-profile" "C:\\Users\\maruti\\AppData\\Local\\Temp\\rust_mozprofilep2ymi4"
JavaScript error: resource://gre/modules/XULStore.jsm, line 66: Error: Can't find profile directory.
1595591704054	Marionette	INFO	Listening on port 58243
1595591704178	Marionette	WARN	TLS certificate errors will be ignored for this session
[Child 15696, Chrome_ChildThread] WARNING: pipe error: 232: file /builds/worker/checkouts/gecko/ipc/chromium/src/chrome/common/ipc_channel_win.cc, line 522
[Child 15696, Chrome_ChildThread] WARNING: pipe error: 232: file /builds/worker/checkouts/gecko/ipc/chromium/src/chrome/common/ipc_channel_win.cc, line 522

###!!! [Child][RunMessage] Error: Channel closing: too late to send/recv, messages will be lost


###!!! [Child][RunMessage] Error: Channel closing: too late to send/recv, messages will be lost

console.error: (new Error("SessionFile is closed", "resource:///modules/sessionstore/SessionFile.jsm", 433))
1595591821645	Marionette	INFO	Stopped listening on port 58243

###!!! [Child][RunMessage] Error: Channel closing: too late to send/recv, messages will be lost


###!!! [Child][MessageChannel::SendAndWait] Error: Channel error: cannot send/recv

e://gre/modules/XULStore.jsm, line 66: Error: Can't find profile directory.
1595591821957	Marionette	INFO	Listening on port 58524
1595591822207	Marionette	WARN	TLS certificate errors will be ignored for this session
console.error: (new Error("SessionFile is closed", "resource:///modules/sessionstore/SessionFile.jsm", 433))
1595591947821	Marionette	INFO	Stopped listening on port 58524

###!!! [Child][RunMessage] Error: Channel closing: too late to send/recv, messages will be lost


###!!! [Child][MessageChannel::SendAndWait] Error: Channel error: cannot send/recv

e://gre/modules/XULStore.jsm, line 66: Error: Can't find profile directory.
console.error: "Could not write session state file " (new Error("_initWorker called too early! Please read the session file from disk first.", "resource:///modules/sessionstore/SessionFile.jsm", 375)) "_initWorker/<@resource:///modules/sessionstore/SessionFile.jsm:375:15\n_initWorker@resource:///modules/sessionstore/SessionFile.jsm:368:12\n_postToWorker@resource:///modules/sessionstore/SessionFile.jsm:410:16\nwrite@resource:///modules/sessionstore/SessionFile.jsm:448:24\nwrite@resource:///modules/sessionstore/SessionFile.jsm:75:32\n_writeState@resource:///modules/sessionstore/SessionSaver.jsm:360:24\n_saveState@resource:///modules/sessionstore/SessionSaver.jsm:294:17\n_saveStateAsync@resource:///modules/sessionstore/SessionSaver.jsm:344:10\nsaveStateAsyncWhenIdle@resource:///modules/sessionstore/SessionSaver.jsm:191:14\ncallback@resource://gre/modules/Timer.jsm:127:16\n"
1595591945302	Marionette	INFO	Listening on port 58801
1595591945371	Marionette	WARN	TLS certificate errors will be ignored for this session
JavaScript error: https://images-eu.ssl-images-amazon.com/images/I/31BVuidgT8L.js, line 8: NS_ERROR_NOT_INITIALIZED: 
1595592020992	Marionette	INFO	Stopped listening on port 58801

###!!! [Child][RunMessage] Error: Channel closing: too late to send/recv, messages will be lost

1595592683348	mozrunner::runner	INFO	Running command: "C:\\Program Files (x86)\\Mozilla Firefox\\firefox.exe" "-marionette" "-foreground" "-no-remote" "-profile" "C:\\Users\\maruti\\AppData\\Local\\Temp\\rust_mozprofileQBFw4W"
JavaScript error: resource://gre/modules/XULStore.jsm, line 66: Error: Can't find profile directory.
console.error: "Could not write session state file " (new Error("_initWorker called too early! Please read the session file from disk first.", "resource:///modules/sessionstore/SessionFile.jsm", 375)) "_initWorker/<@resource:///modules/sessionstore/SessionFile.jsm:375:15\n_initWorker@resource:///modules/sessionstore/SessionFile.jsm:368:12\n_postToWorker@resource:///modules/sessionstore/SessionFile.jsm:410:16\nwrite@resource:///modules/sessionstore/SessionFile.jsm:448:24\nwrite@resource:///modules/sessionstore/SessionFile.jsm:75:32\n_writeState@resource:///modules/sessionstore/SessionSaver.jsm:360:24\n_saveState@resource:///modules/sessionstore/SessionSaver.jsm:294:17\n_saveStateAsync@resource:///modules/sessionstore/SessionSaver.jsm:344:10\nsaveStateAsyncWhenIdle@resource:///modules/sessionstore/SessionSaver.jsm:191:14\ncallback@resource://gre/modules/Timer.jsm:127:16\n"
1595592701481	Marionette	INFO	Listening on port 54266
1595592702069	Marionette	WARN	TLS certificate errors will be ignored for this session
[Child 3552, MediaDecoderStateMachine #1] WARNING: Decoder=23a54056c00 state=DECODING_METADATA Decode metadata failed, shutting down decoder: file /builds/worker/checkouts/gecko/dom/media/MediaDecoderStateMachine.cpp, line 376
[Child 3552, MediaDecoderStateMachine #1] WARNING: Decoder=23a54056c00 Decode error: NS_ERROR_DOM_MEDIA_METADATA_ERR (0x806e0006) - static MP4Metadata::ResultAndByteBuffer __cdecl mozilla::MP4Metadata::Metadata(mozilla::ByteStream *): Cannot parse metadata: file /builds/worker/checkouts/gecko/dom/media/MediaDecoderStateMachine.cpp, line 3470
JavaScript error: , line 0: TypeError: NetworkError when attempting to fetch resource.
JavaScript error: , line 0: TypeError: NetworkError when attempting to fetch resource.
JavaScript error: , line 0: TypeError: NetworkError when attempting to fetch resource.
JavaScript error: , line 0: TypeError: NetworkError when attempting to fetch resource.
JavaScript error: , line 0: TypeError: NetworkError when attempting to fetch resource.
[Child 3552, MediaDecoderStateMachine #1] WARNING: Decoder=23a40091000 state=DECODING_METADATA Decode metadata failed, shutting down decoder: file /builds/worker/checkouts/gecko/dom/media/MediaDecoderStateMachine.cpp, line 376
[Child 3552, MediaDecoderStateMachine #1] WARNING: Decoder=23a40091000 Decode error: NS_ERROR_DOM_MEDIA_METADATA_ERR (0x806e0006) - static MP4Metadata::ResultAndByteBuffer __cdecl mozilla::MP4Metadata::Metadata(mozilla::ByteStream *): Cannot parse metadata: file /builds/worker/checkouts/gecko/dom/media/MediaDecoderStateMachine.cpp, line 3470
